[21:16:48] [main/INFO] (FabricLoader/GameProvider) Loading Minecraft 1.21.8 with Fabric Loader 0.17.3
[21:16:48] [main/INFO] (FabricLoader) Loading 50 mods:
	- abyssium_1_21_8 1.3.0
	- fabric-api 0.134.0+1.21.8
	- fabric-api-base 0.5.0+cd8c0daa2c
	- fabric-api-lookup-api-v1 1.6.101+946bf4c32c
	- fabric-biome-api-v1 16.1.0+c21d71cc2c
	- fabric-block-api-v1 1.1.3+946bf4c32c
	- fabric-block-view-api-v2 1.0.31+946bf4c32c
	- fabric-client-gametest-api-v1 4.2.5+8a98c3fc2c
	- fabric-command-api-v2 2.3.1+52fff9ec2c
	- fabric-content-registries-v0 10.1.0+c75de69d2c
	- fabric-convention-tags-v1 2.1.41+7f945d5b2c
	- fabric-convention-tags-v2 2.15.6+eb5df52f2c
	- fabric-crash-report-info-v1 0.3.15+946bf4c32c
	- fabric-data-attachment-api-v1 1.8.13+38b5f74e2c
	- fabric-data-generation-api-v1 23.2.7+2e1c6d322c
	- fabric-dimensions-v1 4.0.20+948fc79a2c
	- fabric-entity-events-v1 2.1.2+c9e472732c
	- fabric-events-interaction-v0 4.0.25+946bf4c32c
	- fabric-game-rule-api-v1 1.0.73+c64c9c5b2c
	- fabric-gametest-api-v1 3.1.10+39ce47f52c
	- fabric-item-api-v1 11.5.0+02ce13f42c
	- fabric-item-group-api-v1 4.2.14+c5f9bbc12c
	- fabric-key-binding-api-v1 1.0.65+946bf4c32c
	- fabric-lifecycle-events-v1 2.6.4+db4dfd852c
	- fabric-loot-api-v2 3.0.56+3f89f5a52c
	- fabric-loot-api-v3 2.0.3+946bf4c32c
	- fabric-message-api-v1 6.1.2+946bf4c32c
	- fabric-model-loading-api-v1 5.2.7+946bf4c32c
	- fabric-networking-api-v1 5.0.3+4ddbf91b2c
	- fabric-object-builder-api-v1 21.1.9+946bf4c32c
	- fabric-particles-v1 4.1.9+946bf4c32c
	- fabric-recipe-api-v1 8.1.16+946bf4c32c
	- fabric-registry-sync-v0 6.1.29+946bf4c32c
	- fabric-renderer-api-v1 7.0.4+208eed172c
	- fabric-renderer-indigo 4.0.4+946bf4c32c
	- fabric-rendering-fluids-v1 3.1.31+fa6cb72b2c
	- fabric-rendering-v1 12.5.1+fbe231d52c
	- fabric-resource-conditions-api-v1 5.0.25+98e6d6db2c
	- fabric-resource-loader-v0 3.1.12+020423442c
	- fabric-screen-api-v1 2.2.0+e0cb65d02c
	- fabric-screen-handler-api-v1 1.3.138+946bf4c32c
	- fabric-serialization-api-v1 1.0.0+fc0e5aba2c
	- fabric-sound-api-v1 1.0.42+946bf4c32c
	- fabric-tag-api-v1 1.2.2+946bf4c32c
	- fabric-transfer-api-v1 6.0.6+946bf4c32c
	- fabric-transitive-access-wideners-v1 6.5.0+c847ce762c
	- fabricloader 0.17.3
	- java 21
	- minecraft 1.21.8
	- mixinextras 0.5.0
[21:16:48] [main/INFO] (FabricLoader/Mixin) SpongePowered MIXIN Subsystem Version=0.8.7 Source=file:/C:/Users/sabio/.gradle/caches/modules-2/files-2.1/net.fabricmc/sponge-mixin/0.16.5+mixin.0.8.7/80fc3a9f592673cea87f4cd702f87991c6c9fe4d/sponge-mixin-0.16.5+mixin.0.8.7.jar Service=Knot/Fabric Env=CLIENT
[21:16:49] [main/INFO] (FabricLoader/Mixin) Loaded Fabric development mappings for mixin remapper!
[21:16:49] [main/INFO] (FabricLoader/Mixin) Compatibility level set to JAVA_21
[21:16:50] [main/INFO] (FabricLoader/MixinExtras|Service) Initializing MixinExtras via com.llamalad7.mixinextras.service.MixinExtrasServiceImpl(version=0.5.0).
[21:16:51] [Datafixer Bootstrap/INFO] (Minecraft) 269 Datafixer optimizations took 515 milliseconds
[21:16:56] [Render thread/INFO] (Minecraft) Environment: Environment[sessionHost=https://sessionserver.mojang.com, servicesHost=https://api.minecraftservices.com, name=PROD]
[21:16:56] [Render thread/INFO] (Minecraft) Setting user: Player699
[21:16:56] [Render thread/INFO] (Indigo) [Indigo] Registering Indigo renderer!
[21:16:57] [Render thread/INFO] (Minecraft) Backend library: LWJGL version 3.3.3-snapshot
[21:16:57] [Render thread/INFO] (Minecraft) Using optional rendering extensions: GL_ARB_buffer_storage, GL_KHR_debug, GL_ARB_vertex_attrib_binding, GL_ARB_direct_state_access
[21:16:58] [Render thread/INFO] (Minecraft) Reloading ResourceManager: vanilla, fabric, abyssium_1_21_8, fabric-api, fabric-api-base, fabric-api-lookup-api-v1, fabric-biome-api-v1, fabric-block-api-v1, fabric-block-view-api-v2, fabric-client-gametest-api-v1, fabric-command-api-v2, fabric-content-registries-v0, fabric-convention-tags-v1, fabric-convention-tags-v2, fabric-crash-report-info-v1, fabric-data-attachment-api-v1, fabric-data-generation-api-v1, fabric-dimensions-v1, fabric-entity-events-v1, fabric-events-interaction-v0, fabric-game-rule-api-v1, fabric-gametest-api-v1, fabric-item-api-v1, fabric-item-group-api-v1, fabric-key-binding-api-v1, fabric-lifecycle-events-v1, fabric-loot-api-v2, fabric-loot-api-v3, fabric-message-api-v1, fabric-model-loading-api-v1, fabric-networking-api-v1, fabric-object-builder-api-v1, fabric-particles-v1, fabric-recipe-api-v1, fabric-registry-sync-v0, fabric-renderer-api-v1, fabric-renderer-indigo, fabric-rendering-fluids-v1, fabric-rendering-v1, fabric-resource-conditions-api-v1, fabric-resource-loader-v0, fabric-screen-api-v1, fabric-screen-handler-api-v1, fabric-serialization-api-v1, fabric-sound-api-v1, fabric-tag-api-v1, fabric-transfer-api-v1, fabric-transitive-access-wideners-v1, fabricloader
[21:16:58] [Worker-Main-9/INFO] (Minecraft) Found unifont_all_no_pua-16.0.03.hex, loading
[21:16:58] [Worker-Main-11/INFO] (Minecraft) Found unifont_jp_patch-16.0.03.hex, loading
[21:16:58] [Worker-Main-10/INFO] (Minecraft) Found unifont_pua-16.0.03.hex, loading
[21:16:59] [Render thread/INFO] (Minecraft) OpenAL initialized on device OpenAL Soft on Speakers (Realtek(R) Audio)
[21:16:59] [Render thread/INFO] (Minecraft) Sound engine started
[21:16:59] [Render thread/INFO] (Minecraft) Created: 1024x512x4 minecraft:textures/atlas/blocks.png-atlas
[21:16:59] [Render thread/INFO] (Minecraft) Created: 256x256x4 minecraft:textures/atlas/signs.png-atlas
[21:16:59] [Render thread/INFO] (Minecraft) Created: 512x512x4 minecraft:textures/atlas/banner_patterns.png-atlas
[21:16:59] [Render thread/INFO] (Minecraft) Created: 512x512x4 minecraft:textures/atlas/shield_patterns.png-atlas
[21:16:59] [Render thread/INFO] (Minecraft) Created: 2048x1024x4 minecraft:textures/atlas/armor_trims.png-atlas
[21:16:59] [Render thread/INFO] (Minecraft) Created: 256x256x4 minecraft:textures/atlas/chest.png-atlas
[21:16:59] [Render thread/INFO] (Minecraft) Created: 128x64x4 minecraft:textures/atlas/decorated_pot.png-atlas
[21:16:59] [Render thread/INFO] (Minecraft) Created: 512x256x4 minecraft:textures/atlas/beds.png-atlas
[21:16:59] [Render thread/INFO] (Minecraft) Created: 512x256x4 minecraft:textures/atlas/shulker_boxes.png-atlas
[21:16:59] [Render thread/INFO] (Minecraft) Created: 64x64x0 minecraft:textures/atlas/map_decorations.png-atlas
[21:16:59] [Render thread/INFO] (Minecraft) Created: 512x256x0 minecraft:textures/atlas/particles.png-atlas
[21:16:59] [Render thread/INFO] (Minecraft) Created: 512x256x0 minecraft:textures/atlas/paintings.png-atlas
[21:16:59] [Render thread/INFO] (Minecraft) Created: 1024x512x0 minecraft:textures/atlas/gui.png-atlas
[21:17:06] [Render thread/INFO] (Minecraft) Loaded 1422 recipes
[21:17:06] [Render thread/INFO] (Minecraft) Loaded 1528 advancements
[21:17:06] [Render thread/INFO] (BiomeModificationImpl) Applied 15 biome modifications to 5 of 65 new biomes in 5.572 ms
[21:17:06] [Server thread/INFO] (Minecraft) Starting integrated minecraft server version 1.21.8
[21:17:06] [Server thread/INFO] (Minecraft) Generating keypair
[21:17:06] [Server thread/INFO] (Minecraft) Preparing start region for dimension minecraft:overworld
[21:17:07] [Render thread/INFO] (Minecraft) Preparing spawn area: 0%
[21:17:07] [Render thread/INFO] (Minecraft) Preparing spawn area: 0%
[21:17:07] [Render thread/INFO] (Minecraft) Time elapsed: 923 ms
[21:17:07] [Server thread/INFO] (Minecraft) Changing view distance to 12, from 10
[21:17:07] [Server thread/INFO] (Minecraft) Changing simulation distance to 12, from 0
[21:17:08] [Server thread/INFO] (Minecraft) Player699[local:E:665f596e] logged in with entity id 7 at (30.699977405247072, 69.0, -285.75871811571466)
[21:17:08] [Server thread/INFO] (Minecraft) Player699 joined the game
[21:17:09] [Render thread/INFO] (Minecraft) Loaded 2 advancements
[21:17:09] [Render thread/INFO] (Minecraft) Resizing Dynamic Transforms UBO, capacity limit of 2 reached during a single frame. New capacity will be 4.
[21:17:09] [Render thread/INFO] (Minecraft) Resizing Dynamic Transforms UBO, capacity limit of 4 reached during a single frame. New capacity will be 8.
[21:17:10] [Render thread/INFO] (Minecraft) Resizing Dynamic Transforms UBO, capacity limit of 8 reached during a single frame. New capacity will be 16.
[21:17:10] [Render thread/INFO] (Minecraft) Resizing Dynamic Transforms UBO, capacity limit of 16 reached during a single frame. New capacity will be 32.
[21:17:10] [Render thread/INFO] (Minecraft) Resizing Dynamic Transforms UBO, capacity limit of 32 reached during a single frame. New capacity will be 64.
[21:17:10] [Render thread/INFO] (Minecraft) Resizing Dynamic Transforms UBO, capacity limit of 64 reached during a single frame. New capacity will be 128.
[21:17:10] [Render thread/INFO] (Minecraft) Resizing Dynamic Transforms UBO, capacity limit of 128 reached during a single frame. New capacity will be 256.
[21:17:11] [Render thread/INFO] (Minecraft) Resizing Dynamic Transforms UBO, capacity limit of 256 reached during a single frame. New capacity will be 512.
[21:17:11] [Render thread/INFO] (Minecraft) Resizing Dynamic Transforms UBO, capacity limit of 512 reached during a single frame. New capacity will be 1024.
[21:17:12] [Server thread/INFO] (Minecraft) [Player699: Set own game mode to Creative Mode]
[21:17:12] [Render thread/INFO] (Minecraft) [System] [CHAT] Set own game mode to Creative Mode
[21:17:13] [Render thread/INFO] (Minecraft) Resizing Dynamic Transforms UBO, capacity limit of 1024 reached during a single frame. New capacity will be 2048.
[21:17:17] [Server thread/INFO] (Minecraft) [Player699: Set the time to 1000]
[21:17:17] [Render thread/INFO] (Minecraft) [System] [CHAT] Set the time to 1000
[21:17:20] [Server thread/INFO] (Minecraft) Villager VillagerEntity['Farmer'/83, l='ServerLevel[New World]', x=31.74, y=71.00, z=-303.49] died, message: 'Farmer was slain by Zombie'
[21:17:28] [Server thread/INFO] (Minecraft) Player699 has made the advancement [The End?]
[21:17:28] [Render thread/INFO] (Minecraft) [System] [CHAT] Player699 has made the advancement [The End?]
[21:17:28] [Render thread/INFO] (Minecraft) Loaded 18 advancements
[21:18:01] [Server thread/INFO] (Minecraft) [Player699: Set own game mode to Survival Mode]
[21:18:01] [Render thread/INFO] (Minecraft) [System] [CHAT] Set own game mode to Survival Mode
[21:18:06] [Server thread/INFO] (Minecraft) [Player699: Set own game mode to Creative Mode]
[21:18:06] [Render thread/INFO] (Minecraft) [System] [CHAT] Set own game mode to Creative Mode
[21:18:17] [Server thread/INFO] (Minecraft) [Player699: Set own game mode to Survival Mode]
[21:18:17] [Render thread/INFO] (Minecraft) [System] [CHAT] Set own game mode to Survival Mode
[21:18:23] [Server thread/INFO] (Minecraft) Saving and pausing game...
[21:18:23] [Server thread/INFO] (Minecraft) Saving chunks for level 'ServerLevel[New World]'/minecraft:overworld
[21:18:23] [Server thread/INFO] (Minecraft) Saving chunks for level 'ServerLevel[New World]'/minecraft:the_nether
[21:18:23] [Server thread/INFO] (Minecraft) Saving chunks for level 'ServerLevel[New World]'/minecraft:the_end
[21:18:30] [Server thread/INFO] (Minecraft) Saving and pausing game...
[21:18:30] [Server thread/INFO] (Minecraft) Saving chunks for level 'ServerLevel[New World]'/minecraft:overworld
[21:18:30] [Server thread/INFO] (Minecraft) Saving chunks for level 'ServerLevel[New World]'/minecraft:the_nether
[21:18:30] [Server thread/INFO] (Minecraft) Saving chunks for level 'ServerLevel[New World]'/minecraft:the_end
[21:18:35] [Server thread/INFO] (Minecraft) [Player699: Set own game mode to Creative Mode]
[21:18:35] [Render thread/INFO] (Minecraft) [System] [CHAT] Set own game mode to Creative Mode
[21:18:37] [Server thread/INFO] (Minecraft) [Player699: Set own game mode to Survival Mode]
[21:18:37] [Render thread/INFO] (Minecraft) [System] [CHAT] Set own game mode to Survival Mode
[21:18:38] [Server thread/INFO] (Minecraft) [Player699: Set own game mode to Creative Mode]
[21:18:38] [Render thread/INFO] (Minecraft) [System] [CHAT] Set own game mode to Creative Mode
[21:18:40] [Server thread/INFO] (Minecraft) [Player699: Set own game mode to Survival Mode]
[21:18:40] [Render thread/INFO] (Minecraft) [System] [CHAT] Set own game mode to Survival Mode
[21:18:41] [Server thread/INFO] (Minecraft) [Player699: Set own game mode to Creative Mode]
[21:18:41] [Render thread/INFO] (Minecraft) [System] [CHAT] Set own game mode to Creative Mode
[21:18:42] [Server thread/INFO] (Minecraft) [Player699: Set own game mode to Survival Mode]
[21:18:42] [Render thread/INFO] (Minecraft) [System] [CHAT] Set own game mode to Survival Mode
[21:18:44] [Render thread/INFO] (Minecraft) [System] [CHAT] Saved screenshot as 2025-10-27_21.18.44.png
[21:18:45] [Server thread/INFO] (Minecraft) Player699 was slain by Enderman
[21:18:45] [Render thread/INFO] (Minecraft) [System] [CHAT] Player699 was slain by Enderman
[21:18:45] [Render thread/INFO] (Minecraft) Loaded 56 advancements
[21:18:51] [Server thread/INFO] (Minecraft) [Player699: Set own game mode to Creative Mode]
[21:18:51] [Render thread/INFO] (Minecraft) [System] [CHAT] Set own game mode to Creative Mode
[21:18:54] [Render thread/INFO] (Minecraft) Resizing Dynamic Transforms UBO, capacity limit of 2048 reached during a single frame. New capacity will be 4096.
[21:19:05] [Server thread/INFO] (Minecraft) Player699 has made the advancement [Monster Hunter]
[21:19:05] [Render thread/INFO] (Minecraft) [System] [CHAT] Player699 has made the advancement [Monster Hunter]
[21:19:05] [Render thread/INFO] (Minecraft) Loaded 59 advancements
[21:19:09] [Render thread/INFO] (Minecraft) Loaded 80 advancements
[21:19:20] [Server thread/INFO] (Minecraft) Saving and pausing game...
[21:19:20] [Server thread/INFO] (Minecraft) Saving chunks for level 'ServerLevel[New World]'/minecraft:overworld
[21:19:20] [Server thread/INFO] (Minecraft) Saving chunks for level 'ServerLevel[New World]'/minecraft:the_nether
[21:19:20] [Server thread/INFO] (Minecraft) Saving chunks for level 'ServerLevel[New World]'/minecraft:the_end
[21:37:15] [Server thread/INFO] (Minecraft) Player699 lost connection: Disconnected
[21:37:15] [Server thread/INFO] (Minecraft) Player699 left the game
[21:37:15] [Server thread/INFO] (Minecraft) Stopping singleplayer server as player logged out
[21:37:15] [Server thread/INFO] (Minecraft) Stopping server
[21:37:15] [Server thread/INFO] (Minecraft) Saving players
[21:37:15] [Server thread/INFO] (Minecraft) Saving worlds
[21:37:16] [Server thread/INFO] (Minecraft) Saving chunks for level 'ServerLevel[New World]'/minecraft:overworld
[21:37:16] [Server thread/INFO] (Minecraft) Saving chunks for level 'ServerLevel[New World]'/minecraft:the_nether
[21:37:16] [Server thread/INFO] (Minecraft) Saving chunks for level 'ServerLevel[New World]'/minecraft:the_end
[21:37:16] [Server thread/INFO] (Minecraft) ThreadedAnvilChunkStorage (New World (7)): All chunks are saved
[21:37:16] [Server thread/INFO] (Minecraft) ThreadedAnvilChunkStorage (DIM-1): All chunks are saved
[21:37:16] [Server thread/INFO] (Minecraft) ThreadedAnvilChunkStorage (DIM1): All chunks are saved
[21:37:16] [Server thread/INFO] (Minecraft) ThreadedAnvilChunkStorage: All dimensions are saved
[21:37:16] [Render thread/INFO] (Minecraft) Stopping!
